<?xml version="1.0" encoding="UTF-8"?>
<!-- Generated by org.testng.reporters.JUnitReportReporter -->
<testsuite hostname="BAWA" failures="0" tests="2" name="testNGCostMasters.RadioButtons" time="50.043" errors="0" timestamp="2024-07-15T20:57:12 IST" skipped="0">
  <testcase classname="testNGCostMasters.RadioButtons" name="checkLogin" time="49.816"/>
  <testcase classname="testNGCostMasters.RadioButtons" name="checkDefaultSelection" time="0.227"/>
</testsuite> <!-- testNGCostMasters.RadioButtons -->
