<?xml version="1.0" encoding="UTF-8"?>
<!-- Generated by org.testng.reporters.JUnitReportReporter -->
<testsuite hostname="BAWA" failures="0" tests="1" name="titanx.Titanx" time="35.770" errors="0" timestamp="2025-03-06T16:26:44 IST" skipped="0">
  <testcase classname="titanx.Titanx" name="f" time="35.770"/>
</testsuite> <!-- titanx.Titanx -->
