<?xml version="1.0" encoding="UTF-8"?>
<!-- Generated by org.testng.reporters.JUnitReportReporter -->
<testsuite hostname="BAWA" failures="0" tests="1" name="actions.MouseHover" time="11.096" errors="0" timestamp="2025-06-12T23:39:39 IST" skipped="0">
  <testcase classname="actions.MouseHover" name="mainyt" time="11.096"/>
</testsuite> <!-- actions.MouseHover -->
