<?xml version="1.0" encoding="UTF-8"?>
<!-- Generated by org.testng.reporters.JUnitReportReporter -->
<testsuite hostname="BAWA" failures="0" tests="1" name="pcctestcases1.Testcases1" time="79.771" errors="0" timestamp="2024-10-20T13:35:42 IST" skipped="0">
  <testcase classname="pcctestcases1.Testcases1" name="Login" time="79.771"/>
</testsuite> <!-- pcctestcases1.Testcases1 -->
