<?xml version="1.0" encoding="UTF-8"?>
<!-- Generated by org.testng.reporters.JUnitReportReporter -->
<testsuite hostname="BAWA" failures="0" tests="1" name="partMaster.PartMaster" time="19.253" errors="0" timestamp="2024-07-12T19:51:52 IST" skipped="0">
  <testcase classname="partMaster.PartMaster" name="f" time="19.253"/>
</testsuite> <!-- partMaster.PartMaster -->
