<?xml version="1.0" encoding="UTF-8"?>
<!-- Generated by org.testng.reporters.JUnitReportReporter -->
<testsuite hostname="BAWA" failures="0" tests="1" name="myTestSuite.login" time="0.016" errors="0" timestamp="2024-08-21T17:55:19 IST" skipped="0">
  <testcase classname="myTestSuite.login" name="page" time="0.016"/>
</testsuite> <!-- myTestSuite.login -->
