<?xml version="1.0" encoding="UTF-8"?>
<!-- Generated by org.testng.reporters.JUnitReportReporter -->
<testsuite hostname="BAWA" failures="0" tests="1" name="windowHandles.WindowHandles" time="28.265" errors="0" timestamp="2025-06-12T22:49:42 IST" skipped="0">
  <testcase classname="windowHandles.WindowHandles" name="f" time="28.265"/>
</testsuite> <!-- windowHandles.WindowHandles -->
