<?xml version="1.0" encoding="UTF-8"?>
<!-- Generated by org.testng.reporters.JUnitReportReporter -->
<testsuite hostname="BAWA" failures="0" tests="1" name="actions.DragDrop" time="12.613" errors="0" timestamp="2024-07-30T19:34:49 IST" skipped="0">
  <testcase classname="actions.DragDrop" name="checkDragDrop" time="12.613"/>
</testsuite> <!-- actions.DragDrop -->
