<?xml version="1.0" encoding="UTF-8"?>
<!-- Generated by org.testng.reporters.JUnitReportReporter -->
<testsuite hostname="BAWA" failures="0" tests="1" name="javaconcept.Java" time="0.049" errors="0" timestamp="2024-08-07T17:00:16 IST" skipped="0">
  <testcase classname="javaconcept.Java" name="f" time="0.049"/>
</testsuite> <!-- javaconcept.Java -->
