<?xml version="1.0" encoding="UTF-8"?>
<!-- Generated by org.testng.reporters.JUnitReportReporter -->
<testsuite hostname="BAWA" failures="0" tests="1" name="demoselenium.Mulitplewindowhandle" time="19.885" errors="0" timestamp="2025-07-08T09:50:33 IST" skipped="0">
  <testcase classname="demoselenium.Mulitplewindowhandle" name="f" time="19.885"/>
</testsuite> <!-- demoselenium.Mulitplewindowhandle -->
