<?xml version="1.0" encoding="UTF-8"?>
<!-- Generated by org.testng.reporters.JUnitReportReporter -->
<testsuite hostname="BAWA" failures="0" tests="1" name="demoselenium.SeleniumWebDriver" time="16.366" errors="0" timestamp="2025-07-06T13:13:00 IST" skipped="0">
  <testcase classname="demoselenium.SeleniumWebDriver" name="f" time="16.366"/>
</testsuite> <!-- demoselenium.SeleniumWebDriver -->
