<?xml version="1.0" encoding="UTF-8"?>
<!-- Generated by org.testng.reporters.JUnitReportReporter -->
<testsuite hostname="BAWA" failures="0" tests="1" name="pageScroll.Scroll" time="10.579" errors="0" timestamp="2024-07-31T19:15:10 IST" skipped="0">
  <testcase classname="pageScroll.Scroll" name="checkScroll" time="10.579"/>
</testsuite> <!-- pageScroll.Scroll -->
