<?xml version="1.0" encoding="UTF-8"?>
<!-- Generated by org.testng.reporters.JUnitReportReporter -->
<testsuite hostname="BAWA" failures="0" tests="2" name="commodity.Exampleradiobutton" time="18.356" errors="0" timestamp="2024-07-10T21:08:59 IST" skipped="0">
  <testcase classname="commodity.Exampleradiobutton" name="CheckRadiobutton" time="0.290"/>
  <testcase classname="commodity.Exampleradiobutton" name="CheckLogin" time="18.066"/>
</testsuite> <!-- commodity.Exampleradiobutton -->
