<?xml version="1.0" encoding="UTF-8"?>
<!-- Generated by org.testng.reporters.JUnitReportReporter -->
<testsuite hostname="BAWA" failures="0" tests="1" name="myTestSuite.LoginPage" time="27.014" errors="0" timestamp="2024-08-02T19:41:30 IST" skipped="0">
  <testcase classname="myTestSuite.LoginPage" name="verifyLogin" time="27.014"/>
</testsuite> <!-- myTestSuite.LoginPage -->
