<?xml version="1.0" encoding="UTF-8"?>
<!-- Generated by org.testng.reporters.JUnitReportReporter -->
<testsuite hostname="BAWA" failures="0" tests="1" name="testNGCostMasters.SearchCommodity" time="57.844" errors="0" timestamp="2024-07-12T19:17:17 IST" skipped="0">
  <testcase classname="testNGCostMasters.SearchCommodity" name="f" time="57.844"/>
</testsuite> <!-- testNGCostMasters.SearchCommodity -->
