<?xml version="1.0" encoding="UTF-8"?>
<!-- Generated by org.testng.reporters.JUnitReportReporter -->
<testsuite hostname="BAWA" failures="0" tests="1" name="pccTestcases.PCCTestcases" time="73.898" errors="0" timestamp="2024-10-20T15:01:50 IST" skipped="0">
  <testcase classname="pccTestcases.PCCTestcases" name="login" time="73.898"/>
</testsuite> <!-- pccTestcases.PCCTestcases -->
