<?xml version="1.0" encoding="UTF-8"?>
<!-- Generated by org.testng.reporters.JUnitReportReporter -->
<testsuite hostname="BAWA" failures="0" tests="1" name="alertpopup.Alert" time="22.337" errors="0" timestamp="2025-06-13T17:19:40 IST" skipped="0">
  <testcase classname="alertpopup.Alert" name="f" time="22.337"/>
</testsuite> <!-- alertpopup.Alert -->
