<?xml version="1.0" encoding="UTF-8"?>
<!-- Generated by org.testng.reporters.JUnitReportReporter -->
<testsuite hostname="BAWA" failures="0" tests="3" name="testNGLessons.BeforeAfterMethod" time="0.142" errors="0" timestamp="2024-08-21T17:53:02 IST" skipped="0">
  <testcase classname="testNGLessons.BeforeAfterMethod" name="testMethod" time="0.055"/>
  <testcase classname="testNGLessons.BeforeAfterMethod" name="testMethod2" time="0.064"/>
  <testcase classname="testNGLessons.BeforeAfterMethod" name="testMethod3" time="0.023"/>
</testsuite> <!-- testNGLessons.BeforeAfterMethod -->
