<?xml version="1.0" encoding="UTF-8"?>
<!-- Generated by org.testng.reporters.JUnitReportReporter -->
<testsuite hostname="BAWA" failures="0" tests="1" name="windowHandlesint.NewTest" time="25.334" errors="0" timestamp="2025-06-12T22:52:17 IST" skipped="0">
  <testcase classname="windowHandlesint.NewTest" name="maint" time="25.334"/>
</testsuite> <!-- windowHandlesint.NewTest -->
