<?xml version="1.0" encoding="UTF-8"?>
<!-- Generated by org.testng.reporters.JUnitReportReporter -->
<testsuite hostname="BAWA" failures="0" tests="1" name="alertpopup.Dismissthealert" time="14.764" errors="0" timestamp="2025-06-13T17:35:01 IST" skipped="0">
  <testcase classname="alertpopup.Dismissthealert" name="f" time="14.764"/>
</testsuite> <!-- alertpopup.Dismissthealert -->
